
> astro-site@0.0.1 build
> astro build

10:46:49 [vite] Re-optimizing dependencies because vite config has changed
10:46:49 [types] Generated 105ms
10:46:49 [build] output: "static"
10:46:49 [build] mode: "static"
10:46:49 [build] directory: /Users/charles/website-modernize/astro-site/dist/
10:46:49 [build] Collecting build info...
10:46:49 [build] ✓ Completed in 117ms.
10:46:49 [build] Building static entrypoints...
10:46:49 [vite] ✓ built in 482ms
10:46:50 [vite] ✓ built in 363ms
10:46:50 [build] Rearranging server assets...

 generating static routes 
10:46:50   ├─ /cn/index.html (+6ms) 
10:46:50   ├─ /id/index.html (+2ms) 
10:46:50   ├─ /index.html (+1ms) 
10:46:50 ✓ Completed in 21ms.

10:46:50 [build] ✓ Completed in 892ms.
10:46:50 [build] 3 page(s) built in 1.02s
10:46:50 [build] Complete!
